<?xml version="1.0" encoding="UTF-8"?>
<testsuite xmlns:xsi="http://www.w3.org/2001/XMLSchema-instance" xsi:noNamespaceSchemaLocation="https://maven.apache.org/surefire/maven-surefire-plugin/xsd/surefire-test-report-3.0.xsd" version="3.0" name="DevolucaoEquipUITest" time="0.172" tests="7" errors="0" skipped="0" failures="0">
  <properties>
[...]
</properties>
  <testcase name="testRemoverEquipamento" classname="DevolucaoEquipUITest" time="0.055"/>
  <testcase name="testBuscarEquipamentoPorCPF" classname="DevolucaoEquipUITest" time="0.014"/>
  <testcase name="testCalcularMultaPorAtraso" classname="DevolucaoEquipUITest" time="0.036">
    <system-out><![CDATA[Dias de atraso calculados: 5
]]></system-out>
  </testcase>
  <testcase name="testAdicionarEquipamento" classname="DevolucaoEquipUITest" time="0.003"/>
  <testcase name="testAdicionarClienteDuplicadoPorCPF" classname="DevolucaoEquipUITest" time="0.006"/>
  <testcase name="testRegistrarLocacaoComClienteEEquipamentoValidos" classname="DevolucaoEquipUITest" time="0.004"/>
  <testcase name="testRegistrarLocacaoSemEquipamento" classname="DevolucaoEquipUITest" time="0.005"/>
</testsuite>